# JRE version: 7.0_11-b21
# Java VM: Java HotSpot(TM) Client VM (23.6-b04 mixed mode, sharing windows-x86 )
Heap
 def new generation   total 4928K, used 274K [0x242f0000, 0x24840000, 0x29840000)
  eden space 4416K,   6% used [0x242f0000, 0x24334a88, 0x24740000)
  from space 512K,   0% used [0x247c0000, 0x247c0118, 0x24840000)
  to   space 512K,   0% used [0x24740000, 0x24740000, 0x247c0000)
 tenured generation   total 10944K, used 5928K [0x29840000, 0x2a2f0000, 0x342f0000)
   the space 10944K,  54% used [0x29840000, 0x29e0a338, 0x29e0a400, 0x2a2f0000)
 compacting perm gen  total 12288K, used 861K [0x342f0000, 0x34ef0000, 0x382f0000)
   the space 12288K,   7% used [0x342f0000, 0x343c7570, 0x343c7600, 0x34ef0000)
    ro space 10240K,  42% used [0x382f0000, 0x38730ce0, 0x38730e00, 0x38cf0000)
    rw space 12288K,  54% used [0x38cf0000, 0x39370e30, 0x39371000, 0x398f0000)
GC Heap History (10 events):
Event: 2696.764 GC heap before
{Heap before GC invocations=1146 (full 0):
 def new generation   total 4928K, used 4417K [0x242f0000, 0x24840000, 0x29840000)
  eden space 4416K, 100% used [0x242f0000, 0x24740000, 0x24740000)
  from space 512K,   0% used [0x24740000, 0x24740458, 0x247c0000)
  to   space 512K,   0% used [0x247c0000, 0x247c0000, 0x24840000)
 tenured generation   total 10944K, used 5928K [0x29840000, 0x2a2f0000, 0x342f0000)
   the space 10944K,  54% used [0x29840000, 0x29e0a338, 0x29e0a400, 0x2a2f0000)
 compacting perm gen  total 12288K, used 861K [0x342f0000, 0x34ef0000, 0x382f0000)
   the space 12288K,   7% used [0x342f0000, 0x343c7570, 0x343c7600, 0x34ef0000)
    ro space 10240K,  42% used [0x382f0000, 0x38730ce0, 0x38730e00, 0x38cf0000)
    rw space 12288K,  54% used [0x38cf0000, 0x39370e30, 0x39371000, 0x398f0000)
Event: 2696.827 GC heap after
Heap after GC invocations=1147 (full 0):
 def new generation   total 4928K, used 1K [0x242f0000, 0x24840000, 0x29840000)
  eden space 4416K,   0% used [0x242f0000, 0x242f0000, 0x24740000)
  from space 512K,   0% used [0x247c0000, 0x247c0520, 0x24840000)
  to   space 512K,   0% used [0x24740000, 0x24740000, 0x247c0000)
 tenured generation   total 10944K, used 5928K [0x29840000, 0x2a2f0000, 0x342f0000)
   the space 10944K,  54% used [0x29840000, 0x29e0a338, 0x29e0a400, 0x2a2f0000)
 compacting perm gen  total 12288K, used 861K [0x342f0000, 0x34ef0000, 0x382f0000)
   the space 12288K,   7% used [0x342f0000, 0x343c7570, 0x343c7600, 0x34ef0000)
    ro space 10240K,  42% used [0x382f0000, 0x38730ce0, 0x38730e00, 0x38cf0000)
    rw space 12288K,  54% used [0x38cf0000, 0x39370e30, 0x39371000, 0x398f0000)
}
Event: 2700.583 GC heap before
{Heap before GC invocations=1147 (full 0):
 def new generation   total 4928K, used 4417K [0x242f0000, 0x24840000, 0x29840000)
  eden space 4416K, 100% used [0x242f0000, 0x24740000, 0x24740000)
  from space 512K,   0% used [0x247c0000, 0x247c0520, 0x24840000)
  to   space 512K,   0% used [0x24740000, 0x24740000, 0x247c0000)
 tenured generation   total 10944K, used 5928K [0x29840000, 0x2a2f0000, 0x342f0000)
   the space 10944K,  54% used [0x29840000, 0x29e0a338, 0x29e0a400, 0x2a2f0000)
 compacting perm gen  total 12288K, used 861K [0x342f0000, 0x34ef0000, 0x382f0000)
   the space 12288K,   7% used [0x342f0000, 0x343c7570, 0x343c7600, 0x34ef0000)
    ro space 10240K,  42% used [0x382f0000, 0x38730ce0, 0x38730e00, 0x38cf0000)
    rw space 12288K,  54% used [0x38cf0000, 0x39370e30, 0x39371000, 0x398f0000)
Event: 2700.649 GC heap after
Heap after GC invocations=1148 (full 0):
 def new generation   total 4928K, used 1K [0x242f0000, 0x24840000, 0x29840000)
  eden space 4416K,   0% used [0x242f0000, 0x242f0000, 0x24740000)
  from space 512K,   0% used [0x24740000, 0x24740458, 0x247c0000)
  to   space 512K,   0% used [0x247c0000, 0x247c0000, 0x24840000)
 tenured generation   total 10944K, used 5928K [0x29840000, 0x2a2f0000, 0x342f0000)
   the space 10944K,  54% used [0x29840000, 0x29e0a338, 0x29e0a400, 0x2a2f0000)
 compacting perm gen  total 12288K, used 861K [0x342f0000, 0x34ef0000, 0x382f0000)
   the space 12288K,   7% used [0x342f0000, 0x343c7570, 0x343c7600, 0x34ef0000)
    ro space 10240K,  42% used [0x382f0000, 0x38730ce0, 0x38730e00, 0x38cf0000)
    rw space 12288K,  54% used [0x38cf0000, 0x39370e30, 0x39371000, 0x398f0000)
}
Event: 2704.721 GC heap before
{Heap before GC invocations=1148 (full 0):
 def new generation   total 4928K, used 4417K [0x242f0000, 0x24840000, 0x29840000)
  eden space 4416K, 100% used [0x242f0000, 0x24740000, 0x24740000)
  from space 512K,   0% used [0x24740000, 0x24740458, 0x247c0000)
  to   space 512K,   0% used [0x247c0000, 0x247c0000, 0x24840000)
 tenured generation   total 10944K, used 5928K [0x29840000, 0x2a2f0000, 0x342f0000)
   the space 10944K,  54% used [0x29840000, 0x29e0a338, 0x29e0a400, 0x2a2f0000)
 compacting perm gen  total 12288K, used 861K [0x342f0000, 0x34ef0000, 0x382f0000)
   the space 12288K,   7% used [0x342f0000, 0x343c7570, 0x343c7600, 0x34ef0000)
    ro space 10240K,  42% used [0x382f0000, 0x38730ce0, 0x38730e00, 0x38cf0000)
    rw space 12288K,  54% used [0x38cf0000, 0x39370e30, 0x39371000, 0x398f0000)
Event: 2704.785 GC heap after
Heap after GC invocations=1149 (full 0):
 def new generation   total 4928K, used 1K [0x242f0000, 0x24840000, 0x29840000)
  eden space 4416K,   0% used [0x242f0000, 0x242f0000, 0x24740000)
  from space 512K,   0% used [0x247c0000, 0x247c0520, 0x24840000)
  to   space 512K,   0% used [0x24740000, 0x24740000, 0x247c0000)
 tenured generation   total 10944K, used 5928K [0x29840000, 0x2a2f0000, 0x342f0000)
   the space 10944K,  54% used [0x29840000, 0x29e0a338, 0x29e0a400, 0x2a2f0000)
 compacting perm gen  total 12288K, used 861K [0x342f0000, 0x34ef0000, 0x382f0000)
   the space 12288K,   7% used [0x342f0000, 0x343c7570, 0x343c7600, 0x34ef0000)
    ro space 10240K,  42% used [0x382f0000, 0x38730ce0, 0x38730e00, 0x38cf0000)
    rw space 12288K,  54% used [0x38cf0000, 0x39370e30, 0x39371000, 0x398f0000)
}
Event: 2708.374 GC heap before
{Heap before GC invocations=1149 (full 0):
 def new generation   total 4928K, used 4417K [0x242f0000, 0x24840000, 0x29840000)
  eden space 4416K, 100% used [0x242f0000, 0x24740000, 0x24740000)
  from space 512K,   0% used [0x247c0000, 0x247c0520, 0x24840000)
  to   space 512K,   0% used [0x24740000, 0x24740000, 0x247c0000)
 tenured generation   total 10944K, used 5928K [0x29840000, 0x2a2f0000, 0x342f0000)
   the space 10944K,  54% used [0x29840000, 0x29e0a338, 0x29e0a400, 0x2a2f0000)
 compacting perm gen  total 12288K, used 861K [0x342f0000, 0x34ef0000, 0x382f0000)
   the space 12288K,   7% used [0x342f0000, 0x343c7570, 0x343c7600, 0x34ef0000)
    ro space 10240K,  42% used [0x382f0000, 0x38730ce0, 0x38730e00, 0x38cf0000)
    rw space 12288K,  54% used [0x38cf0000, 0x39370e30, 0x39371000, 0x398f0000)
Event: 2708.430 GC heap after
Heap after GC invocations=1150 (full 0):
 def new generation   total 4928K, used 1K [0x242f0000, 0x24840000, 0x29840000)
  eden space 4416K,   0% used [0x242f0000, 0x242f0000, 0x24740000)
  from space 512K,   0% used [0x24740000, 0x24740458, 0x247c0000)
  to   space 512K,   0% used [0x247c0000, 0x247c0000, 0x24840000)
 tenured generation   total 10944K, used 5928K [0x29840000, 0x2a2f0000, 0x342f0000)
   the space 10944K,  54% used [0x29840000, 0x29e0a338, 0x29e0a400, 0x2a2f0000)
 compacting perm gen  total 12288K, used 861K [0x342f0000, 0x34ef0000, 0x382f0000)
   the space 12288K,   7% used [0x342f0000, 0x343c7570, 0x343c7600, 0x34ef0000)
    ro space 10240K,  42% used [0x382f0000, 0x38730ce0, 0x38730e00, 0x38cf0000)
    rw space 12288K,  54% used [0x38cf0000, 0x39370e30, 0x39371000, 0x398f0000)
}
Event: 2711.382 GC heap before
{Heap before GC invocations=1150 (full 0):
 def new generation   total 4928K, used 4417K [0x242f0000, 0x24840000, 0x29840000)
  eden space 4416K, 100% used [0x242f0000, 0x24740000, 0x24740000)
  from space 512K,   0% used [0x24740000, 0x24740458, 0x247c0000)
  to   space 512K,   0% used [0x247c0000, 0x247c0000, 0x24840000)
 tenured generation   total 10944K, used 5928K [0x29840000, 0x2a2f0000, 0x342f0000)
   the space 10944K,  54% used [0x29840000, 0x29e0a338, 0x29e0a400, 0x2a2f0000)
 compacting perm gen  total 12288K, used 861K [0x342f0000, 0x34ef0000, 0x382f0000)
   the space 12288K,   7% used [0x342f0000, 0x343c7570, 0x343c7600, 0x34ef0000)
    ro space 10240K,  42% used [0x382f0000, 0x38730ce0, 0x38730e00, 0x38cf0000)
    rw space 12288K,  54% used [0x38cf0000, 0x39370e30, 0x39371000, 0x398f0000)
Event: 2711.431 GC heap after
Heap after GC invocations=1151 (full 0):
 def new generation   total 4928K, used 0K [0x242f0000, 0x24840000, 0x29840000)
  eden space 4416K,   0% used [0x242f0000, 0x242f0000, 0x24740000)
  from space 512K,   0% used [0x247c0000, 0x247c0118, 0x24840000)
  to   space 512K,   0% used [0x24740000, 0x24740000, 0x247c0000)
 tenured generation   total 10944K, used 5928K [0x29840000, 0x2a2f0000, 0x342f0000)
   the space 10944K,  54% used [0x29840000, 0x29e0a338, 0x29e0a400, 0x2a2f0000)
 compacting perm gen  total 12288K, used 861K [0x342f0000, 0x34ef0000, 0x382f0000)
   the space 12288K,   7% used [0x342f0000, 0x343c7570, 0x343c7600, 0x34ef0000)
    ro space 10240K,  42% used [0x382f0000, 0x38730ce0, 0x38730e00, 0x38cf0000)
    rw space 12288K,  54% used [0x38cf0000, 0x39370e30, 0x39371000, 0x398f0000)
}

